<?xml version="1.0" encoding="UTF-8"?>
<testsuite xmlns:xsi="http://www.w3.org/2001/XMLSchema-instance" xsi:schemaLocation="https://maven.apache.org/surefire/maven-surefire-plugin/xsd/surefire-test-report.xsd" name="org.owasp.webgoat.plugin.introduction.SqlInjectionLesson6bTest" time="0.055" tests="2" errors="0" skipped="0" failures="0">
  <properties>
[...]
</properties>
  <testcase name="submitCorrectPassword" classname="org.owasp.webgoat.plugin.introduction.SqlInjectionLesson6bTest" time="0.02"/>
  <testcase name="submitWrongPassword" classname="org.owasp.webgoat.plugin.introduction.SqlInjectionLesson6bTest" time="0.024"/>
</testsuite>